[debug] [2024-11-05T07:55:32.555Z] ----------------------------------------------------------------------
[debug] [2024-11-05T07:55:32.566Z] Command:       C:\Program Files\nodejs\node.exe C:\Users\TObosi\AppData\Roaming\npm\node_modules\firebase-tools\lib\bin\firebase.js init
[debug] [2024-11-05T07:55:32.566Z] CLI Version:   13.24.0
[debug] [2024-11-05T07:55:32.567Z] Platform:      win32
[debug] [2024-11-05T07:55:32.567Z] Node Version:  v20.18.0
[debug] [2024-11-05T07:55:32.567Z] Time:          Tue Nov 05 2024 10:55:32 GMT+0300 (East Africa Time)
[debug] [2024-11-05T07:55:32.567Z] ----------------------------------------------------------------------
[debug] 
[debug] [2024-11-05T07:55:32.580Z] > command requires scopes: ["email","openid","https://www.googleapis.com/auth/cloudplatformprojects.readonly","https://www.googleapis.com/auth/firebase","https://www.googleapis.com/auth/cloud-platform"]
[debug] [2024-11-05T07:55:32.580Z] > authorizing via signed-in user (timothyobosi8@gmail.com)
[info] 
     ######## #### ########  ######## ########     ###     ######  ########
     ##        ##  ##     ## ##       ##     ##  ##   ##  ##       ##
     ######    ##  ########  ######   ########  #########  ######  ######
     ##        ##  ##    ##  ##       ##     ## ##     ##       ## ##
     ##       #### ##     ## ######## ########  ##     ##  ######  ########

You're about to initialize a Firebase project in this directory:

  C:\Users\TObosi\AndroidStudioProjects\TreeMarketPlace

[info] 
=== Project Setup
[info] 
[info] First, let's associate this project directory with a Firebase project.
[info] You can create multiple project aliases by running firebase use --add, 
[info] but for now we'll just set up a default project.
[info] 
[debug] [2024-11-05T07:55:47.842Z] Checked if tokens are valid: true, expires at: 1730796007617
[debug] [2024-11-05T07:55:47.843Z] Checked if tokens are valid: true, expires at: 1730796007617
[debug] [2024-11-05T07:55:47.846Z] >>> [apiv2][query] GET https://firebase.googleapis.com/v1beta1/projects pageSize=100
[debug] [2024-11-05T07:55:48.837Z] <<< [apiv2][status] GET https://firebase.googleapis.com/v1beta1/projects 200
[debug] [2024-11-05T07:55:48.837Z] <<< [apiv2][body] GET https://firebase.googleapis.com/v1beta1/projects [omitted]
[info] i  Using project treesmarketplace-c1148 (TreesMarketPlace) 
[info] 
=== Firestore Setup
[debug] [2024-11-05T07:55:51.342Z] Checked if tokens are valid: true, expires at: 1730796007617
[debug] [2024-11-05T07:55:51.342Z] Checked if tokens are valid: true, expires at: 1730796007617
[debug] [2024-11-05T07:55:51.342Z] >>> [apiv2][query] GET https://serviceusage.googleapis.com/v1/projects/treesmarketplace-c1148/services/firestore.googleapis.com [none]
[debug] [2024-11-05T07:55:51.342Z] >>> [apiv2][(partial)header] GET https://serviceusage.googleapis.com/v1/projects/treesmarketplace-c1148/services/firestore.googleapis.com x-goog-quota-user=projects/treesmarketplace-c1148
[debug] [2024-11-05T07:55:52.629Z] <<< [apiv2][status] GET https://serviceusage.googleapis.com/v1/projects/treesmarketplace-c1148/services/firestore.googleapis.com 200
[debug] [2024-11-05T07:55:52.629Z] <<< [apiv2][body] GET https://serviceusage.googleapis.com/v1/projects/treesmarketplace-c1148/services/firestore.googleapis.com [omitted]
[debug] [2024-11-05T07:55:52.630Z] Checked if tokens are valid: true, expires at: 1730796007617
[debug] [2024-11-05T07:55:52.631Z] Checked if tokens are valid: true, expires at: 1730796007617
[debug] [2024-11-05T07:55:52.631Z] >>> [apiv2][query] GET https://firestore.googleapis.com/v1/projects/treesmarketplace-c1148/databases/(default) [none]
[debug] [2024-11-05T07:55:53.185Z] <<< [apiv2][status] GET https://firestore.googleapis.com/v1/projects/treesmarketplace-c1148/databases/(default) 200
[debug] [2024-11-05T07:55:53.185Z] <<< [apiv2][body] GET https://firestore.googleapis.com/v1/projects/treesmarketplace-c1148/databases/(default) {"name":"projects/treesmarketplace-c1148/databases/(default)","uid":"b8640947-6589-4d2b-940e-887ee6ebc19c","createTime":"2024-11-05T07:47:38.640768Z","updateTime":"2024-11-05T07:47:38.640768Z","locationId":"europe-west2","type":"FIRESTORE_NATIVE","concurrencyMode":"PESSIMISTIC","versionRetentionPeriod":"3600s","earliestVersionTime":"2024-11-05T07:47:38.640768Z","appEngineIntegrationMode":"DISABLED","keyPrefix":"g","pointInTimeRecoveryEnablement":"POINT_IN_TIME_RECOVERY_DISABLED","deleteProtectionState":"DELETE_PROTECTION_DISABLED","etag":"IMXvyefbxIkDMLTJgPXZxIkD"}
[debug] [2024-11-05T07:55:53.185Z] database_type: FIRESTORE_NATIVE
[debug] [2024-11-05T07:55:53.185Z] database_type: FIRESTORE_NATIVE
[debug] [2024-11-05T07:55:53.185Z] > command requires scopes: ["email","openid","https://www.googleapis.com/auth/cloudplatformprojects.readonly","https://www.googleapis.com/auth/firebase","https://www.googleapis.com/auth/cloud-platform"]
[debug] [2024-11-05T07:55:53.186Z] > authorizing via signed-in user (timothyobosi8@gmail.com)
[debug] [2024-11-05T07:55:53.186Z] [iam] checking project treesmarketplace-c1148 for permissions ["firebase.projects.get"]
[debug] [2024-11-05T07:55:53.186Z] Checked if tokens are valid: true, expires at: 1730796007617
[debug] [2024-11-05T07:55:53.186Z] Checked if tokens are valid: true, expires at: 1730796007617
[debug] [2024-11-05T07:55:53.186Z] >>> [apiv2][query] POST https://cloudresourcemanager.googleapis.com/v1/projects/treesmarketplace-c1148:testIamPermissions [none]
[debug] [2024-11-05T07:55:53.186Z] >>> [apiv2][(partial)header] POST https://cloudresourcemanager.googleapis.com/v1/projects/treesmarketplace-c1148:testIamPermissions x-goog-quota-user=projects/treesmarketplace-c1148
[debug] [2024-11-05T07:55:53.186Z] >>> [apiv2][body] POST https://cloudresourcemanager.googleapis.com/v1/projects/treesmarketplace-c1148:testIamPermissions {"permissions":["firebase.projects.get"]}
[debug] [2024-11-05T07:55:53.741Z] <<< [apiv2][status] POST https://cloudresourcemanager.googleapis.com/v1/projects/treesmarketplace-c1148:testIamPermissions 200
[debug] [2024-11-05T07:55:53.742Z] <<< [apiv2][body] POST https://cloudresourcemanager.googleapis.com/v1/projects/treesmarketplace-c1148:testIamPermissions {"permissions":["firebase.projects.get"]}
[info] 
[info] Firestore Security Rules allow you to define how and when to allow
[info] requests. You can keep these rules in your project directory
[info] and publish them with firebase deploy.
[info] 
[info] 
[info] Firestore indexes allow you to perform complex queries while
[info] maintaining performance that scales with the size of the result
[info] set. You can keep index definitions in your project directory
[info] and publish them with firebase deploy.
[info] 
[debug] [2024-11-05T07:56:10.365Z] Checked if tokens are valid: true, expires at: 1730796007617
[debug] [2024-11-05T07:56:10.366Z] Checked if tokens are valid: true, expires at: 1730796007617
[debug] [2024-11-05T07:56:10.366Z] Checked if tokens are valid: true, expires at: 1730796007617
[debug] [2024-11-05T07:56:10.366Z] Checked if tokens are valid: true, expires at: 1730796007617
[debug] [2024-11-05T07:56:10.366Z] >>> [apiv2][query] GET https://firestore.googleapis.com/v1/projects/treesmarketplace-c1148/databases/(default)/collectionGroups/-/indexes [none]
[debug] [2024-11-05T07:56:10.368Z] >>> [apiv2][query] GET https://firestore.googleapis.com/v1/projects/treesmarketplace-c1148/databases/(default)/collectionGroups/-/fields?filter=indexConfig.usesAncestorConfig=false OR ttlConfig:* [none]
[debug] [2024-11-05T07:56:10.928Z] <<< [apiv2][status] GET https://firestore.googleapis.com/v1/projects/treesmarketplace-c1148/databases/(default)/collectionGroups/-/indexes 200
[debug] [2024-11-05T07:56:10.928Z] <<< [apiv2][body] GET https://firestore.googleapis.com/v1/projects/treesmarketplace-c1148/databases/(default)/collectionGroups/-/indexes {}
[debug] [2024-11-05T07:56:10.936Z] <<< [apiv2][status] GET https://firestore.googleapis.com/v1/projects/treesmarketplace-c1148/databases/(default)/collectionGroups/-/fields?filter=indexConfig.usesAncestorConfig=false OR ttlConfig:* 200
[debug] [2024-11-05T07:56:10.936Z] <<< [apiv2][body] GET https://firestore.googleapis.com/v1/projects/treesmarketplace-c1148/databases/(default)/collectionGroups/-/fields?filter=indexConfig.usesAncestorConfig=false OR ttlConfig:* {"fields":[{"name":"projects/treesmarketplace-c1148/databases/(default)/collectionGroups/__default__/fields/*","indexConfig":{"indexes":[{"queryScope":"COLLECTION","fields":[{"fieldPath":"*","order":"ASCENDING"}],"state":"READY"},{"queryScope":"COLLECTION","fields":[{"fieldPath":"*","order":"DESCENDING"}],"state":"READY"},{"queryScope":"COLLECTION","fields":[{"fieldPath":"*","arrayConfig":"CONTAINS"}],"state":"READY"}]}}]}
[info] 
=== Hosting Setup
[debug] [2024-11-05T07:56:10.939Z] Checked if tokens are valid: true, expires at: 1730796007617
[debug] [2024-11-05T07:56:10.939Z] Checked if tokens are valid: true, expires at: 1730796007617
[debug] [2024-11-05T07:56:10.939Z] >>> [apiv2][query] GET https://firebase.googleapis.com/v1beta1/projects/treesmarketplace-c1148 [none]
[debug] [2024-11-05T07:56:11.590Z] <<< [apiv2][status] GET https://firebase.googleapis.com/v1beta1/projects/treesmarketplace-c1148 200
[debug] [2024-11-05T07:56:11.590Z] <<< [apiv2][body] GET https://firebase.googleapis.com/v1beta1/projects/treesmarketplace-c1148 {"projectId":"treesmarketplace-c1148","projectNumber":"373052212159","displayName":"TreesMarketPlace","name":"projects/treesmarketplace-c1148","resources":{"hostingSite":"treesmarketplace-c1148"},"state":"ACTIVE","etag":"1_482dbe76-fe5c-4e79-a9bf-bf208080ca31"}
[info] 
[info] Your public directory is the folder (relative to your project directory) that
[info] will contain Hosting assets to be uploaded with firebase deploy. If you
[info] have a build process for your assets, use your build's output directory.
[info] 
[debug] [2024-11-05T07:56:36.821Z] >>> [apiv2][query] GET https://www.gstatic.com/firebasejs/releases.json [none]
[debug] [2024-11-05T07:56:37.254Z] <<< [apiv2][status] GET https://www.gstatic.com/firebasejs/releases.json 200
[debug] [2024-11-05T07:56:37.254Z] <<< [apiv2][body] GET https://www.gstatic.com/firebasejs/releases.json {"current":{"version":"11.0.1","browserURL":"https://www.gstatic.com/firebasejs/11.0.1/firebase.js","packageURL":"https://www.gstatic.com/firebasejs/11.0.1/firebase.tgz"},"live":{"version":"11.0","browserURL":"https://www.gstatic.com/firebasejs/live/11.0/firebase.js","packageURL":"https://www.gstatic.com/firebasejs/live/11.0/firebase.tgz"},"components":{"analytics":"https://www.gstatic.com/firebasejs/11.0.1/firebase-analytics.js","app":"https://www.gstatic.com/firebasejs/11.0.1/firebase-app.js","app-check":"https://www.gstatic.com/firebasejs/11.0.1/firebase-app-check.js","auth":"https://www.gstatic.com/firebasejs/11.0.1/firebase-auth.js","auth/cordova":"https://www.gstatic.com/firebasejs/11.0.1/firebase-auth/cordova.js","auth/web-extension":"https://www.gstatic.com/firebasejs/11.0.1/firebase-auth/web-extension.js","functions":"https://www.gstatic.com/firebasejs/11.0.1/firebase-functions.js","firestore":"https://www.gstatic.com/firebasejs/11.0.1/firebase-firestore.js","firestore/lite":"https://www.gstatic.com/firebasejs/11.0.1/firebase-firestore/lite.js","installations":"https://www.gstatic.com/firebasejs/11.0.1/firebase-installations.js","storage":"https://www.gstatic.com/firebasejs/11.0.1/firebase-storage.js","performance":"https://www.gstatic.com/firebasejs/11.0.1/firebase-performance.js","remote-config":"https://www.gstatic.com/firebasejs/11.0.1/firebase-remote-config.js","messaging":"https://www.gstatic.com/firebasejs/11.0.1/firebase-messaging.js","messaging/sw":"https://www.gstatic.com/firebasejs/11.0.1/firebase-messaging/sw.js","database":"https://www.gstatic.com/firebasejs/11.0.1/firebase-database.js","vertexai":"https://www.gstatic.com/firebasejs/11.0.1/firebase-vertexai.js","data-connect":"https://www.gstatic.com/firebasejs/11.0.1/firebase-data-connect.js","firestore.memory":"https://www.gstatic.com/firebasejs/11.0.1/firebase-firestore.memory.js"}}
[info] i  public/index.html is unchanged 
[info] 
[info] i  Didn't detect a .git folder. Assuming C:\Users\TObosi\AndroidStudioProjects\TreeMarketPlace is the project root. 
[info] i  Authorizing with GitHub to upload your service account to a GitHub repository's secrets store. 
[info] 
[info] Visit this URL on this device to log in:
[info] https://github.com/login/oauth/authorize?client_id=89cf50f02ac6aaed3484&state=981276398&redirect_uri=http%3A%2F%2Flocalhost%3A9005&scope=read%3Auser%20repo%20public_repo
[info] 
[info] Waiting for authentication...
[debug] [2024-11-05T07:56:59.632Z] >>> [apiv2][query] POST https://github.com/login/oauth/access_token [none]
[debug] [2024-11-05T07:56:59.633Z] >>> [apiv2][body] POST https://github.com/login/oauth/access_token [stream]
[debug] [2024-11-05T07:57:00.376Z] <<< [apiv2][status] POST https://github.com/login/oauth/access_token 200
[debug] [2024-11-05T07:57:00.377Z] <<< [apiv2][body] POST https://github.com/login/oauth/access_token {"access_token":"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","token_type":"bearer","scope":"read:user,repo"}
[debug] [2024-11-05T07:57:00.405Z] >>> [apiv2][query] GET https://api.github.com/user [none]
[debug] [2024-11-05T07:57:01.245Z] <<< [apiv2][status] GET https://api.github.com/user 200
[debug] [2024-11-05T07:57:01.245Z] <<< [apiv2][body] GET https://api.github.com/user {"login":"timothyobosi","id":139008293,"node_id":"U_kgDOCEkZJQ","avatar_url":"https://avatars.githubusercontent.com/u/139008293?v=4","gravatar_id":"","url":"https://api.github.com/users/timothyobosi","html_url":"https://github.com/timothyobosi","followers_url":"https://api.github.com/users/timothyobosi/followers","following_url":"https://api.github.com/users/timothyobosi/following{/other_user}","gists_url":"https://api.github.com/users/timothyobosi/gists{/gist_id}","starred_url":"https://api.github.com/users/timothyobosi/starred{/owner}{/repo}","subscriptions_url":"https://api.github.com/users/timothyobosi/subscriptions","organizations_url":"https://api.github.com/users/timothyobosi/orgs","repos_url":"https://api.github.com/users/timothyobosi/repos","events_url":"https://api.github.com/users/timothyobosi/events{/privacy}","received_events_url":"https://api.github.com/users/timothyobosi/received_events","type":"User","user_view_type":"private","site_admin":false,"name":null,"company":null,"blog":"","location":null,"email":null,"hireable":null,"bio":null,"twitter_username":null,"notification_email":null,"public_repos":17,"public_gists":0,"followers":0,"following":0,"created_at":"2023-07-08T18:39:03Z","updated_at":"2024-09-26T09:34:44Z","private_gists":0,"total_private_repos":10,"owned_private_repos":10,"disk_usage":46952,"collaborators":0,"two_factor_authentication":false,"plan":{"name":"free","space":976562499,"collaborators":0,"private_repos":10000}}
[info] 
[info] +  Success! Logged into GitHub as timothyobosi 
[info] 
[debug] [2024-11-05T07:57:20.309Z] >>> [apiv2][query] GET https://api.github.com/repos//actions/secrets/public-key type=owner
[debug] [2024-11-05T07:57:20.987Z] <<< [apiv2][status] GET https://api.github.com/repos//actions/secrets/public-key 404
[debug] [2024-11-05T07:57:20.987Z] <<< [apiv2][body] GET https://api.github.com/repos//actions/secrets/public-key {"message":"Not Found","documentation_url":"https://docs.github.com/rest","status":"404"}
[info] 
[info] 
[error] !  The provided authorization cannot be used with this repository. If this repository is in an organization, did you remember to grant access? 
[info] 
[info] i  Action required: Visit this URL to ensure access has been granted to the appropriate organization(s) for the Firebase CLI GitHub OAuth App: 
[info] https://github.com/settings/connections/applications/89cf50f02ac6aaed3484
[info] 
